20:25:29.807 [VehicleDestroyed] jmc_Boat_STAG_Black (id=3151DF3FAE4092E2E836B08F4E8A94F4 pos=<15338.2, 0.7, 15259.2>)
20:25:29.808 [VehicleDestroyed] Boat_01_Blue (id=0CDB0712C04FDA23293325AB7C2977B1 pos=<9383.21, 0.73, 4327.23>)
20:25:29.808 [VehicleDestroyed] Boat_01_Orange (id=6AC501C8734C444049FBA48DB12CCC7E pos=<5137.03, 0.79, 9414.73>)
20:25:29.809 [VehicleDestroyed] jmc_Boat_STAG_Black (id=4F6649A5404C33C71B86D69C73C3EF8D pos=<1824.12, 0.77, 12675.7>)
20:25:49.804 [VehicleDestroyed] Boat_01_Orange (id=63E1A26E4242A423E17E339DD79F26D8 pos=<8706.94, 0.72, 8396.2>)
20:31:33.742 [VehicleDeleted] jmc_Boat_STAG_Black (id=4F6649A5404C33C71B86D69C73C3EF8D pos=<1819.94, -34.97, 12667.1>)
20:31:33.742 [VehicleDeleted] jmc_Boat_STAG_Black (id=3151DF3FAE4092E2E836B08F4E8A94F4 pos=<15338.8, -3.09, 15263>)
20:31:33.742 [VehicleDeleted] Boat_01_Blue (id=0CDB0712C04FDA23293325AB7C2977B1 pos=<9385.6, -9.87, 4327.97>)
20:31:33.743 [VehicleDeleted] Boat_01_Orange (id=6AC501C8734C444049FBA48DB12CCC7E pos=<5136.71, -12.92, 9416.41>)
20:32:00.723 [VehicleDeleted] Boat_01_Orange (id=63E1A26E4242A423E17E339DD79F26D8 pos=<8706.38, -10.69, 8397.92>)
20:42:59.763 [VehicleDestroyed] Boat_01_Orange (id=7B667B6F114066417E115BB6F81CA98F pos=<15543.1, 0.72, 4968.64>)
20:47:59.752 [VehicleDestroyed] jmc_Boat_STAG_Red (id=D99A8A07F0426EC2240B0BB15D5C917D pos=<15582.7, 0.69, 4953.86>)
20:49:03.138 [VehicleDeleted] Boat_01_Orange (id=7B667B6F114066417E115BB6F81CA98F pos=<15552.3, -2.72, 4969.66>)
20:53:59.319 [VehicleDeleted] jmc_Boat_STAG_Red (id=D99A8A07F0426EC2240B0BB15D5C917D pos=<15583.2, -2.85, 4954.17>)
20:59:33.846 [Killfeed] SirTrippy fell to their death.
21:07:35.896 [Killfeed] Stephanie got mauled to death by a Blue Raptor Baby.
22:45:59.505 [VehicleDestroyed] Boat_01_Blue (id=C3BE4B210F4B6FE6FFCED7984359F79F pos=<9326.78, 0.77, 10364.3>)
00:11:39.299 [VehicleDestroyed] Boat_01_Blue (id=963DD8F80141817E97A1EDB79CE2940F pos=<12913.2, 0.67, 944.56>)
00:11:39.299 [VehicleDestroyed] Boat_01_Blue (id=DB2478C38645AEBE2F0ACEAE609B5A7D pos=<8529.62, 0.74, 13478.5>)
00:11:39.300 [VehicleDestroyed] Boat_01_Orange (id=CF754BBE3748E752135B73B52C83DC31 pos=<9667.38, 0.74, 9314.46>)
01:50:09.071 [VehicleDestroyed] Boat_01_Orange (id=29BF94750545A6D72C9C9190DAB49DD9 pos=<9238.39, 0.76, 10139.2>)
02:08:39.026 [VehicleDestroyed] Boat_01_Blue (id=0FBFF13E6D423B9FF4C15EB9E527C367 pos=<11003.4, 0.74, 3325.59>)
