10:30:41.457 [Expansion Quests] Initialize quest system on the connected client with UID=VCCXa5z0PvNuApK0J5mfYMZSHb_q9DB8VTnM5OLUKRw=
10:30:41.463 [Expansion Quests] Created new persistent player quest data for player UID=VCCXa5z0PvNuApK0J5mfYMZSHb_q9DB8VTnM5OLUKRw=
10:30:41.464 [Expansion Quests] Quest with ID=1 is not a a valid achievement or auto start quest. Skip quest for player with UID=VCCXa5z0PvNuApK0J5mfYMZSHb_q9DB8VTnM5OLUKRw=
10:30:41.464 [Expansion Quests] Quest with ID=2 is not a a valid achievement or auto start quest. Skip quest for player with UID=VCCXa5z0PvNuApK0J5mfYMZSHb_q9DB8VTnM5OLUKRw=
10:30:41.464 [Expansion Quests] Quest with ID=3 is not a a valid achievement or auto start quest. Skip quest for player with UID=VCCXa5z0PvNuApK0J5mfYMZSHb_q9DB8VTnM5OLUKRw=
10:30:41.464 [Expansion Quests] Quest with ID=4 is not a a valid achievement or auto start quest. Skip quest for player with UID=VCCXa5z0PvNuApK0J5mfYMZSHb_q9DB8VTnM5OLUKRw=
10:30:41.465 [Expansion Quests] Quest with ID=5 is not a a valid achievement or auto start quest. Skip quest for player with UID=VCCXa5z0PvNuApK0J5mfYMZSHb_q9DB8VTnM5OLUKRw=
10:30:41.465 [Expansion Quests] Quest with ID=6 is not a a valid achievement or auto start quest. Skip quest for player with UID=VCCXa5z0PvNuApK0J5mfYMZSHb_q9DB8VTnM5OLUKRw=
10:30:41.466 [Expansion Quests] Quest with ID=7 is not a a valid achievement or auto start quest. Skip quest for player with UID=VCCXa5z0PvNuApK0J5mfYMZSHb_q9DB8VTnM5OLUKRw=
10:30:41.466 [Expansion Quests] Create new achievement/auto-start quest for quest ID=8 for player with UID=VCCXa5z0PvNuApK0J5mfYMZSHb_q9DB8VTnM5OLUKRw=
10:30:41.466 [Expansion Quests] Added new objective data for type=TARGET | Key= | ID=3
10:30:41.466 [Expansion Quests] Updated and saved persistent player quest data for player with UID=VCCXa5z0PvNuApK0J5mfYMZSHb_q9DB8VTnM5OLUKRw= | Quest ID=8
10:30:41.466 [Expansion Quests] Create new achievement/auto-start quest for quest ID=9 for player with UID=VCCXa5z0PvNuApK0J5mfYMZSHb_q9DB8VTnM5OLUKRw=
10:30:41.467 [Expansion Quests] Added new objective data for type=TARGET | Key= | ID=2
10:30:41.467 [Expansion Quests] Updated and saved persistent player quest data for player with UID=VCCXa5z0PvNuApK0J5mfYMZSHb_q9DB8VTnM5OLUKRw= | Quest ID=9
10:30:41.467 [Expansion Quests] Quest with ID=10 is not a a valid achievement or auto start quest. Skip quest for player with UID=VCCXa5z0PvNuApK0J5mfYMZSHb_q9DB8VTnM5OLUKRw=
10:30:41.467 [Expansion Quests] Create new achievement/auto-start quest for quest ID=11 for player with UID=VCCXa5z0PvNuApK0J5mfYMZSHb_q9DB8VTnM5OLUKRw=
10:30:41.467 [Expansion Quests] Added new objective data for type=ACTION | Key= | ID=1
10:30:41.467 [Expansion Quests] Updated and saved persistent player quest data for player with UID=VCCXa5z0PvNuApK0J5mfYMZSHb_q9DB8VTnM5OLUKRw= | Quest ID=11
10:30:41.467 [Expansion Quests] Quest with ID=12 is not a a valid achievement or auto start quest. Skip quest for player with UID=VCCXa5z0PvNuApK0J5mfYMZSHb_q9DB8VTnM5OLUKRw=
10:30:41.468 [Expansion Quests] Quest with ID=13 is not a a valid achievement or auto start quest. Skip quest for player with UID=VCCXa5z0PvNuApK0J5mfYMZSHb_q9DB8VTnM5OLUKRw=
10:30:41.468 [Expansion Quests] Create new achievement/auto-start quest for quest ID=14 for player with UID=VCCXa5z0PvNuApK0J5mfYMZSHb_q9DB8VTnM5OLUKRw=
10:30:41.483 [Expansion Quests] Added new objective data for type=TRAVEL | Key= | ID=3
10:30:41.483 [Expansion Quests] Updated and saved persistent player quest data for player with UID=VCCXa5z0PvNuApK0J5mfYMZSHb_q9DB8VTnM5OLUKRw= | Quest ID=14
10:30:41.483 [Expansion Quests] Quest with ID=15 is not a a valid achievement or auto start quest. Skip quest for player with UID=VCCXa5z0PvNuApK0J5mfYMZSHb_q9DB8VTnM5OLUKRw=
10:30:41.483 [Expansion Quests] Quest with ID=16 is not a a valid achievement or auto start quest. Skip quest for player with UID=VCCXa5z0PvNuApK0J5mfYMZSHb_q9DB8VTnM5OLUKRw=
10:30:41.484 [Expansion Quests] Quest with ID=17 is not a a valid achievement or auto start quest. Skip quest for player with UID=VCCXa5z0PvNuApK0J5mfYMZSHb_q9DB8VTnM5OLUKRw=
10:30:41.484 [Expansion Quests] Quest with ID=18 is not a a valid achievement or auto start quest. Skip quest for player with UID=VCCXa5z0PvNuApK0J5mfYMZSHb_q9DB8VTnM5OLUKRw=
10:30:41.484 [Expansion Quests] Quest with ID=19 is not a a valid achievement or auto start quest. Skip quest for player with UID=VCCXa5z0PvNuApK0J5mfYMZSHb_q9DB8VTnM5OLUKRw=
10:30:41.484 [Expansion Quests] Quest with ID=22 is not a a valid achievement or auto start quest. Skip quest for player with UID=VCCXa5z0PvNuApK0J5mfYMZSHb_q9DB8VTnM5OLUKRw=
10:30:41.484 [Expansion Quests] Quest with ID=23 is not a a valid achievement or auto start quest. Skip quest for player with UID=VCCXa5z0PvNuApK0J5mfYMZSHb_q9DB8VTnM5OLUKRw=
10:30:41.484 [Expansion Quests] Quest with ID=24 is not a a valid achievement or auto start quest. Skip quest for player with UID=VCCXa5z0PvNuApK0J5mfYMZSHb_q9DB8VTnM5OLUKRw=
10:30:41.485 [Expansion Quests] Sending VCCXa5z0PvNuApK0J5mfYMZSHb_q9DB8VTnM5OLUKRw= quest configs to client for player with UID=VCCXa5z0PvNuApK0J5mfYMZSHb_q9DB8VTnM5OLUKRw=
10:30:41.488 [Expansion Quests] Sending player quest data for 4 quests to player with UID=VCCXa5z0PvNuApK0J5mfYMZSHb_q9DB8VTnM5OLUKRw=
10:30:41.503 [Expansion Quests] Added new objective data for type=TRAVEL | Key= | ID=3
10:30:41.504 [Expansion Quests] Updated and saved persistent player quest data for player with UID=VCCXa5z0PvNuApK0J5mfYMZSHb_q9DB8VTnM5OLUKRw= | Quest ID=14
10:30:41.504 [Expansion Quests] Player with UID=VCCXa5z0PvNuApK0J5mfYMZSHb_q9DB8VTnM5OLUKRw= has completed quest with ID=14
10:30:41.505 [Expansion Quests] Updated and saved persistent player quest data for player with UID=VCCXa5z0PvNuApK0J5mfYMZSHb_q9DB8VTnM5OLUKRw= | Quest ID=14
